2025-07-04 17:05:08,378 - INFO - 
================== ElasticNet Training for Target: median_account_arpc ==================
2025-07-04 17:05:08,379 - INFO - Train size: 101, Test size: 44
2025-07-04 17:05:11,243 - INFO - Best alpha: 0.8859
2025-07-04 17:05:11,243 - INFO - Best l1_ratio: 0.3000
2025-07-04 17:05:11,245 - INFO - Test RMSE: 774.8204
2025-07-04 17:05:11,245 - INFO - Test R^2: 0.1960
2025-07-04 17:05:11,245 - INFO - Saved trained model to: models/elasticnet/best_model/median_account_arpc.pkl
2025-07-04 17:05:11,544 - INFO - Saved heatmap plot to: models/elasticnet/gs_results/median_account_arpc_heatmap.png
2025-07-04 17:05:11,544 - INFO - ================== DONE ==================

2025-07-04 17:05:11,544 - INFO - 
================== XGBoost Training for Target: median_account_arpc ==================
2025-07-04 17:05:11,545 - INFO - Train size: 101, Test size: 44
2025-07-04 17:05:15,703 - INFO - Best Parameters: {'learning_rate': 0.01, 'max_depth': 3, 'n_estimators': 100, 'subsample': 0.7}
2025-07-04 17:05:15,708 - INFO - Test RMSE: 745.7367
2025-07-04 17:05:15,709 - INFO - Test R^2: 0.2553
2025-07-04 17:05:15,710 - INFO - Saved trained model to: models/xgboost/best_model/median_account_arpc.pkl
2025-07-04 17:05:15,781 - INFO - Saved score vs param_max_depth plot to: models/xgboost/gs_results/median_account_arpc_vs_max_depth.png
2025-07-04 17:05:15,842 - INFO - Saved score vs param_learning_rate plot to: models/xgboost/gs_results/median_account_arpc_vs_learning_rate.png
2025-07-04 17:05:15,910 - INFO - Saved score vs param_n_estimators plot to: models/xgboost/gs_results/median_account_arpc_vs_n_estimators.png
2025-07-04 17:05:15,981 - INFO - Saved score vs param_subsample plot to: models/xgboost/gs_results/median_account_arpc_vs_subsample.png
2025-07-04 17:05:15,981 - INFO - ================== DONE ==================

2025-07-04 17:05:15,982 - INFO - 
================== ElasticNet Training for Target: account_hit_success_rate ==================
2025-07-04 17:05:15,983 - INFO - Train size: 101, Test size: 44
2025-07-04 17:05:17,324 - INFO - Best alpha: 2.3357
2025-07-04 17:05:17,325 - INFO - Best l1_ratio: 0.1000
2025-07-04 17:05:17,326 - INFO - Test RMSE: 21.3268
2025-07-04 17:05:17,326 - INFO - Test R^2: 0.0064
2025-07-04 17:05:17,326 - INFO - Saved trained model to: models/elasticnet/best_model/account_hit_success_rate.pkl
2025-07-04 17:05:17,569 - INFO - Saved heatmap plot to: models/elasticnet/gs_results/account_hit_success_rate_heatmap.png
2025-07-04 17:05:17,569 - INFO - ================== DONE ==================

2025-07-04 17:05:17,569 - INFO - 
================== XGBoost Training for Target: account_hit_success_rate ==================
2025-07-04 17:05:17,571 - INFO - Train size: 101, Test size: 44
2025-07-04 17:05:22,903 - INFO - Best Parameters: {'learning_rate': 0.01, 'max_depth': 3, 'n_estimators': 200, 'subsample': 0.7}
2025-07-04 17:05:22,906 - INFO - Test RMSE: 20.9792
2025-07-04 17:05:22,907 - INFO - Test R^2: 0.0385
2025-07-04 17:05:22,908 - INFO - Saved trained model to: models/xgboost/best_model/account_hit_success_rate.pkl
2025-07-04 17:05:22,982 - INFO - Saved score vs param_max_depth plot to: models/xgboost/gs_results/account_hit_success_rate_vs_max_depth.png
2025-07-04 17:05:23,047 - INFO - Saved score vs param_learning_rate plot to: models/xgboost/gs_results/account_hit_success_rate_vs_learning_rate.png
2025-07-04 17:05:23,174 - INFO - Saved score vs param_n_estimators plot to: models/xgboost/gs_results/account_hit_success_rate_vs_n_estimators.png
2025-07-04 17:05:23,245 - INFO - Saved score vs param_subsample plot to: models/xgboost/gs_results/account_hit_success_rate_vs_subsample.png
2025-07-04 17:05:23,245 - INFO - ================== DONE ==================

2025-07-04 17:05:23,245 - INFO - 
================== XGBoost CLR Regression for Targets: ['account_rev_month_1', 'account_rev_month_2', 'account_rev_month_3', 'account_rev_month_4', 'account_rev_month_5', 'account_rev_month_6', 'account_rev_month_7', 'account_rev_month_8', 'account_rev_month_9', 'account_rev_month_10', 'account_rev_month_11', 'account_rev_month_12', 'account_rev_month_13', 'account_rev_month_14', 'account_rev_month_15', 'account_rev_month_16', 'account_rev_month_17', 'account_rev_month_18'] ==================
2025-07-04 17:05:23,247 - INFO - Train size: 101, Test size: 44
2025-07-04 17:05:23,249 - INFO - Starting grid search...
2025-07-04 17:05:48,145 - INFO - Best Parameters: {'estimator__learning_rate': 0.01, 'estimator__max_depth': 5, 'estimator__n_estimators': 50, 'estimator__subsample': 0.7}
2025-07-04 17:05:48,187 - INFO - Test RMSE: 0.1360
2025-07-04 17:05:48,188 - INFO - Test R^2: -0.5618
2025-07-04 17:05:48,202 - INFO - Saved trained model to: models/xgboost/best_model/proportion_rev.pkl
2025-07-04 17:05:48,203 - INFO - ================== DONE ==================

